<?xml version="1.0" encoding="UTF-8" ?>
<testsuite errors="0" failures="0" hostname="Prakash-PC" name="com.simple.AccountTest" skipped="0" tests="2" time="0.395" timestamp="2020-07-31T19:37:00">
  <properties>
    <property name="java.vendor" value="Oracle Corporation" />
    <property name="coverage.summaryxml.dir" value="reports/cobertura-summary-xml" />
    <property name="sun.java.launcher" value="SUN_STANDARD" />
    <property name="eclipse.pdebuild.templates" value="D:\eclipse-jee-photon\plugins\org.eclipse.pde.build_3.10.0.v20180512-1217\templates" />
    <property name="sun.management.compiler" value="HotSpot 64-Bit Tiered Compilers" />
    <property name="os.name" value="Windows 7" />
    <property name="sun.boot.class.path" value="D:\jdk1.8.144\jre\lib\resources.jar;D:\jdk1.8.144\jre\lib\rt.jar;D:\jdk1.8.144\jre\lib\sunrsasign.jar;D:\jdk1.8.144\jre\lib\jsse.jar;D:\jdk1.8.144\jre\lib\jce.jar;D:\jdk1.8.144\jre\lib\charsets.jar;D:\jdk1.8.144\jre\lib\jfr.jar;D:\jdk1.8.144\jre\classes" />
    <property name="reports.html.dir" value="reports/junit-html" />
    <property name="sun.desktop" value="windows" />
    <property name="java.vm.specification.vendor" value="Oracle Corporation" />
    <property name="ant.home" value="D:\eclipse-jee-photon\plugins\org.apache.ant_1.10.3.v20180417-1627" />
    <property name="java.runtime.version" value="1.8.0_144-b01" />
    <property name="cobertura.dir" value="D:/EJB3.1-TDD-Testing/EJB-Day8/Cobertura-Code-Coverage/cobertura-1.9.4.1-bin" />
    <property name="user.name" value="Prakash" />
    <property name="user.language" value="en" />
    <property name="sun.boot.library.path" value="D:\jdk1.8.144\jre\bin" />
    <property name="reports.dir" value="reports" />
    <property name="ant.project.default-target" value="coverage" />
    <property name="ant.project.name" value="cobertura.usage" />
    <property name="java.version" value="1.8.0_144" />
    <property name="coverage.html.dir" value="reports/cobertura-html" />
    <property name="user.timezone" value="" />
    <property name="sun.arch.data.model" value="64" />
    <property name="java.endorsed.dirs" value="D:\jdk1.8.144\jre\lib\endorsed" />
    <property name="sun.cpu.isalist" value="amd64" />
    <property name="sun.jnu.encoding" value="Cp1252" />
    <property name="file.encoding.pkg" value="sun.io" />
    <property name="file.separator" value="\" />
    <property name="java.specification.name" value="Java Platform API Specification" />
    <property name="classes.dir" value="classes" />
    <property name="java.class.version" value="52.0" />
    <property name="user.country" value="US" />
    <property name="java.home" value="D:\jdk1.8.144\jre" />
    <property name="java.vm.info" value="mixed mode" />
    <property name="ant.file" value="D:\Junit4-test-apps\Cobertura-Code-Coverage\build.xml" />
    <property name="os.version" value="6.1" />
    <property name="path.separator" value=";" />
    <property name="java.vm.version" value="25.144-b01" />
    <property name="user.variant" value="" />
    <property name="ant.library.dir" value="D:\eclipse-jee-photon\plugins\org.apache.ant_1.10.3.v20180417-1627\lib" />
    <property name="java.awt.printerjob" value="sun.awt.windows.WPrinterJob" />
    <property name="sun.io.unicode.encoding" value="UnicodeLittle" />
    <property name="awt.toolkit" value="sun.awt.windows.WToolkit" />
    <property name="user.script" value="" />
    <property name="eclipse.pdebuild.scripts" value="D:\eclipse-jee-photon\plugins\org.eclipse.pde.build_3.10.0.v20180512-1217\scripts" />
    <property name="reports.xml.dir" value="reports/junit-xml" />
    <property name="user.home" value="C:\Users\Prakash" />
    <property name="ant.file.cobertura.usage" value="D:\Junit4-test-apps\Cobertura-Code-Coverage\build.xml" />
    <property name="java.specification.vendor" value="Oracle Corporation" />
    <property name="coverage.xml.dir" value="reports/cobertura-xml" />
    <property name="java.library.path" value="D:\jdk1.8.144\jre\bin;C:\Windows\Sun\Java\bin;C:\Windows\system32;C:\Windows;D:/jdk1.8.144/bin/../jre/bin/server;D:/jdk1.8.144/bin/../jre/bin;D:/jdk1.8.144/bin/../jre/lib/amd64;D:/jdk1.8.144/bin;C:\Program Files\Git\bin;C:\Windows\System32;D:\spring-2.0.1\bin;C:\Program Files\Docker Toolbox;D:\Kubectl-Path;C:\Users\Prakash\AppData\Roaming\npm;C:\Program Files\dotnet\;C:\Program Files\Microsoft SQL Server\130\Tools\Binn\;C:\Program Files\PuTTY\;C:\Windows\System32\WindowsPowerShell\v1.0\;C:\Program Files\Perforce\;C:\Program Files\nodejs\;C:\Program Files\MySQL\MySQL Server 5.1\bin;D:\curl-7.70\bin;D:/jdk1.8.144/bin;C:\Program Files\Git\bin;C:\Windows\System32;D:\spring-2.0.1\bin;C:\Program Files\Docker Toolbox;D:\Kubectl-Path;C:\Program Files\RabbitMQServer\rabbitmq_server-3.7.9\sbin;C:\Python27;C:\Python27\Scripts;C:\Program Files\nodejs;;C:\Program Files\Docker Toolbox;C:\Users\Prakash\AppData\Roaming\npm;C:\Users\Prakash\AppData\Local\Programs\Microsoft VS Code\bin;D:\curl-7.70\bin;;D:\eclipse-jee-photon;;." />
    <property name="java.vendor.url" value="http://java.oracle.com/" />
    <property name="java.vm.vendor" value="Oracle Corporation" />
    <property name="java.runtime.name" value="Java(TM) SE Runtime Environment" />
    <property name="sun.java.command" value="org.apache.tools.ant.taskdefs.optional.junit.JUnitTestRunner com.simple.AccountTest skipNonTests=false filtertrace=true haltOnError=false haltOnFailure=false showoutput=false outputtoformatters=true logfailedtests=true threadid=0 logtestlistenerevents=false formatter=org.apache.tools.ant.taskdefs.optional.junit.XMLJUnitResultFormatter,D:\Junit4-test-apps\Cobertura-Code-Coverage\reports\junit-xml\TEST-com.simple.AccountTest.xml crashfile=D:\Junit4-test-apps\Cobertura-Code-Coverage\junitvmwatcher2794414890391384644.properties propsfile=D:\Junit4-test-apps\Cobertura-Code-Coverage\junit1262218286454520663.properties" />
    <property name="java.class.path" value="D:\Junit4-test-apps\Cobertura-Code-Coverage\instrumented;D:\Junit4-test-apps\Cobertura-Code-Coverage\classes;D:\EJB3.1-TDD-Testing\EJB-Day8\Cobertura-Code-Coverage\cobertura-1.9.4.1-bin\cobertura.jar;D:\EJB3.1-TDD-Testing\EJB-Day8\Cobertura-Code-Coverage\cobertura-1.9.4.1-bin\lib\asm-3.0.jar;D:\EJB3.1-TDD-Testing\EJB-Day8\Cobertura-Code-Coverage\cobertura-1.9.4.1-bin\lib\asm-tree-3.0.jar;D:\EJB3.1-TDD-Testing\EJB-Day8\Cobertura-Code-Coverage\cobertura-1.9.4.1-bin\lib\jakarta-oro-2.0.8.jar;D:\EJB3.1-TDD-Testing\EJB-Day8\Cobertura-Code-Coverage\cobertura-1.9.4.1-bin\lib\log4j-1.2.9.jar;D:\Junit4-test-apps\Cobertura-Code-Coverage\junit-4.2.jar;D:\Junit4-test-apps\Cobertura-Code-Coverage\slf4j-api-1.7.30.jar;D:\Junit4-test-apps\Cobertura-Code-Coverage\slf4j-log4j12-1.7.1.jar;D:\Junit4-test-apps\Cobertura-Code-Coverage;D:\jdk1.8.144\jre\lib\ext\jfxrt.jar;D:\eclipse-jee-photon\plugins\org.apache.ant_1.10.3.v20180417-1627\lib\ant-launcher.jar;D:\eclipse-jee-photon\plugins\org.apache.ant_1.10.3.v20180417-1627\lib\ant.jar;D:\eclipse-jee-photon\plugins\org.apache.ant_1.10.3.v20180417-1627\lib\ant-junit.jar;D:\eclipse-jee-photon\plugins\org.apache.ant_1.10.3.v20180417-1627\lib\ant-junit4.jar" />
    <property name="ant.version" value="Apache Ant(TM) version 1.10.3 compiled on March 24 2018" />
    <property name="java.vm.specification.name" value="Java Virtual Machine Specification" />
    <property name="java.vm.specification.version" value="1.8" />
    <property name="base.dir" value="." />
    <property name="sun.cpu.endian" value="little" />
    <property name="sun.os.patch.level" value="Service Pack 1" />
    <property name="eclipse.pdebuild.home" value="D:\eclipse-jee-photon\plugins\org.eclipse.pde.build_3.10.0.v20180512-1217\." />
    <property name="java.io.tmpdir" value="C:\Users\Prakash\AppData\Local\Temp\" />
    <property name="java.vendor.url.bug" value="http://bugreport.sun.com/bugreport/" />
    <property name="ant.file.type.cobertura.usage" value="file" />
    <property name="os.arch" value="amd64" />
    <property name="java.awt.graphicsenv" value="sun.awt.Win32GraphicsEnvironment" />
    <property name="instrumented.dir" value="instrumented" />
    <property name="java.ext.dirs" value="D:\jdk1.8.144\jre\lib\ext;C:\Windows\Sun\Java\lib\ext" />
    <property name="user.dir" value="D:\Junit4-test-apps\Cobertura-Code-Coverage" />
    <property name="line.separator" value="&#xd;&#xa;" />
    <property name="java.vm.name" value="Java HotSpot(TM) 64-Bit Server VM" />
    <property name="basedir" value="D:\Junit4-test-apps\Cobertura-Code-Coverage" />
    <property name="ant.java.version" value="1.8" />
    <property name="ant.core.lib" value="D:\eclipse-jee-photon\plugins\org.apache.ant_1.10.3.v20180417-1627\lib\ant.jar" />
    <property name="file.encoding" value="Cp1252" />
    <property name="java.specification.version" value="1.8" />
    <property name="src.dir" value="src" />
    <property name="ant.project.invoked-targets" value="coverage" />
  </properties>
  <testcase classname="com.simple.AccountTest" name="testGetAccount_no" time="0.039" />
  <testcase classname="com.simple.AccountTest" name="testAccountEquals" time="0.001" />
  <system-out><![CDATA[implemented in accountTest
Account.Account()
Account.getAccount_no()
Account.Account()
Account.Account()
]]></system-out>
  <system-err><![CDATA[]]></system-err>
</testsuite>
