<?xml version="1.0" encoding="UTF-8" ?>
<testsuite errors="0" failures="0" hostname="Prakash-PC" name="com.example.simple.SimpleTest" skipped="0" tests="4" time="0.041" timestamp="2016-03-23T17:27:24">
  <properties>
    <property name="java.vendor" value="Oracle Corporation" />
    <property name="coverage.summaryxml.dir" value="reports/cobertura-summary-xml" />
    <property name="sun.java.launcher" value="SUN_STANDARD" />
    <property name="eclipse.pdebuild.templates" value="/D:/eclipse-jee-mars/plugins/org.eclipse.pde.build_3.9.100.v20150521-1524/templates/" />
    <property name="sun.management.compiler" value="HotSpot 64-Bit Tiered Compilers" />
    <property name="os.name" value="Windows 7" />
    <property name="sun.boot.class.path" value="C:\Program Files\Java\jdk1.8.0_25\jre\lib\resources.jar;C:\Program Files\Java\jdk1.8.0_25\jre\lib\rt.jar;C:\Program Files\Java\jdk1.8.0_25\jre\lib\sunrsasign.jar;C:\Program Files\Java\jdk1.8.0_25\jre\lib\jsse.jar;C:\Program Files\Java\jdk1.8.0_25\jre\lib\jce.jar;C:\Program Files\Java\jdk1.8.0_25\jre\lib\charsets.jar;C:\Program Files\Java\jdk1.8.0_25\jre\lib\jfr.jar;C:\Program Files\Java\jdk1.8.0_25\jre\classes" />
    <property name="reports.html.dir" value="reports/junit-html" />
    <property name="sun.desktop" value="windows" />
    <property name="java.vm.specification.vendor" value="Oracle Corporation" />
    <property name="ant.home" value="D:\eclipse-jee-mars\plugins\org.apache.ant_1.9.4.v201504302020" />
    <property name="java.runtime.version" value="1.8.0_25-b18" />
    <property name="cobertura.dir" value="D:/cobertura-2.1.1" />
    <property name="user.name" value="Prakash" />
    <property name="user.language" value="en" />
    <property name="sun.boot.library.path" value="C:\Program Files\Java\jdk1.8.0_25\jre\bin" />
    <property name="reports.dir" value="reports" />
    <property name="ant.project.default-target" value="coverage" />
    <property name="ant.project.name" value="cobertura.usage" />
    <property name="java.version" value="1.8.0_25" />
    <property name="coverage.html.dir" value="reports/cobertura-html" />
    <property name="user.timezone" value="Asia/Calcutta" />
    <property name="sun.arch.data.model" value="64" />
    <property name="java.endorsed.dirs" value="C:\Program Files\Java\jdk1.8.0_25\jre\lib\endorsed" />
    <property name="sun.cpu.isalist" value="amd64" />
    <property name="sun.jnu.encoding" value="Cp1252" />
    <property name="file.encoding.pkg" value="sun.io" />
    <property name="file.separator" value="\" />
    <property name="java.specification.name" value="Java Platform API Specification" />
    <property name="classes.dir" value="classes" />
    <property name="java.class.version" value="52.0" />
    <property name="user.country" value="US" />
    <property name="java.home" value="C:\Program Files\Java\jdk1.8.0_25\jre" />
    <property name="java.vm.info" value="mixed mode" />
    <property name="ant.file" value="D:\Java-Projects\Cobertura-Test\build.xml" />
    <property name="os.version" value="6.1" />
    <property name="path.separator" value=";" />
    <property name="java.vm.version" value="25.25-b02" />
    <property name="user.variant" value="" />
    <property name="ant.library.dir" value="D:\eclipse-jee-mars\plugins\org.apache.ant_1.9.4.v201504302020\lib" />
    <property name="java.awt.printerjob" value="sun.awt.windows.WPrinterJob" />
    <property name="sun.io.unicode.encoding" value="UnicodeLittle" />
    <property name="awt.toolkit" value="sun.awt.windows.WToolkit" />
    <property name="user.script" value="" />
    <property name="eclipse.pdebuild.scripts" value="/D:/eclipse-jee-mars/plugins/org.eclipse.pde.build_3.9.100.v20150521-1524/scripts/" />
    <property name="reports.xml.dir" value="reports/junit-xml" />
    <property name="user.home" value="C:\Users\Prakash" />
    <property name="ant.file.cobertura.usage" value="D:\Java-Projects\Cobertura-Test\build.xml" />
    <property name="java.specification.vendor" value="Oracle Corporation" />
    <property name="coverage.xml.dir" value="reports/cobertura-xml" />
    <property name="java.library.path" value="C:\Program Files\Java\jdk1.8.0_25\jre\bin;C:\Windows\Sun\Java\bin;C:\Windows\system32;C:\Windows;C:/Program Files/Java/jdk1.8.0_25/bin/../jre/bin/server;C:/Program Files/Java/jdk1.8.0_25/bin/../jre/bin;C:/Program Files/Java/jdk1.8.0_25/bin/../jre/lib/amd64;C:\Program Files\Common Files\Microsoft Shared\Windows Live;C:\Program Files (x86)\Common Files\Microsoft Shared\Windows Live;D:\SqlServer-JDBC4\sqljdbc_4.0\enu\auth\x64;C:\Program Files\Java\jdk1.8.0_25\bin;C:\oraclexe\app\oracle\product\11.2.0\server\bin;C:\Python27\;C:\Python27\Scripts;C:\ProgramData\Oracle\Java\javapath;C:\Windows\system32;C:\Windows;C:\Windows\System32\Wbem;C:\Windows\System32\WindowsPowerShell\v1.0\;C:\Program Files\Microsoft SQL Server\110\Tools\Binn\;C:\Program Files (x86)\Microsoft SDKs\TypeScript\1.0\;C:\Program Files\Microsoft SQL Server\120\Tools\Binn\;C:\Program Files (x86)\Microsoft ASP.NET\ASP.NET Web Pages\v1.0\;C:\Program Files\VisualSVN Server\bin;C:\Program Files\TortoiseSVN\bin;C:\Program Files (x86)\Microsoft SQL Server\100\Tools\Binn\;C:\Program Files\Microsoft SQL Server\100\Tools\Binn\;C:\Program Files\Microsoft SQL Server\100\DTS\Binn\;C:\Program Files (x86)\Microsoft SQL Server\100\Tools\Binn\VSShell\Common7\IDE\;C:\Program Files (x86)\Microsoft SQL Server\100\DTS\Binn\;C:\Program Files\nodejs\;C:\Program Files (x86)\Skype\Phone\;C:\Program Files (x86)\Windows Live\Shared;C:\Windows\SysWOW64\WindowsPowerShell\v1.0\Modules\TShell\TShell\;C:\Program Files (x86)\Windows Kits\10\Windows Performance Toolkit\;D:\SqlServer-JDBC4\sqljdbc_4.0\enu\auth\x64;C:\Program Files\Java\jdk1.8.0_25\bin;D:\apache-karaf-2.4.3\bin;D:\groovy-2.4.5\bin;D:\GGTS-3.6-Win64\ggts-bundle\grails-2.4.4\bin;C:\Users\Prakash\AppData\Roaming\npm;D:\gradle-2.6\bin;;C:\Program Files\Docker Toolbox;D:\eclipse-jee-mars;;." />
    <property name="java.vendor.url" value="http://java.oracle.com/" />
    <property name="java.vm.vendor" value="Oracle Corporation" />
    <property name="java.runtime.name" value="Java(TM) SE Runtime Environment" />
    <property name="sun.java.command" value="org.apache.tools.ant.taskdefs.optional.junit.JUnitTestRunner com.example.simple.SimpleTest skipNonTests=false filtertrace=true haltOnError=false haltOnFailure=false showoutput=false outputtoformatters=true logfailedtests=true threadid=0 logtestlistenerevents=false formatter=org.apache.tools.ant.taskdefs.optional.junit.XMLJUnitResultFormatter,D:\Java-Projects\Cobertura-Test\reports\junit-xml\TEST-com.example.simple.SimpleTest.xml crashfile=D:\Java-Projects\Cobertura-Test\junitvmwatcher5544660798020900730.properties propsfile=D:\Java-Projects\Cobertura-Test\junit1975305011544832623.properties" />
    <property name="java.class.path" value="D:\Java-Projects\Cobertura-Test\instrumented;D:\Java-Projects\Cobertura-Test\classes;D:\cobertura-2.1.1\cobertura-2.1.1-javadoc.jar;D:\cobertura-2.1.1\cobertura-2.1.1-sources.jar;D:\cobertura-2.1.1\cobertura-2.1.1.jar;D:\cobertura-2.1.1\lib\asm-5.0.1.jar;D:\cobertura-2.1.1\lib\asm-analysis-5.0.1.jar;D:\cobertura-2.1.1\lib\asm-commons-5.0.1.jar;D:\cobertura-2.1.1\lib\asm-tree-5.0.1.jar;D:\cobertura-2.1.1\lib\asm-util-5.0.1.jar;D:\cobertura-2.1.1\lib\commons-lang3-3.3.2.jar;D:\cobertura-2.1.1\lib\hamcrest-core-1.3.jar;D:\cobertura-2.1.1\lib\jaxen-1.1.4.jar;D:\cobertura-2.1.1\lib\jetty-6.1.14.jar;D:\cobertura-2.1.1\lib\jetty-util-6.1.14.jar;D:\cobertura-2.1.1\lib\junit-4.11.jar;D:\cobertura-2.1.1\lib\log4j-1.2.9.jar;D:\cobertura-2.1.1\lib\logback-classic-1.0.13.jar;D:\cobertura-2.1.1\lib\logback-core-1.0.13.jar;D:\cobertura-2.1.1\lib\oro-2.0.8.jar;D:\cobertura-2.1.1\lib\servlet-api-2.5-6.1.14.jar;D:\cobertura-2.1.1\lib\slf4j-api-1.7.5.jar;D:\eclipse-jee-mars\plugins\org.apache.ant_1.9.4.v201504302020\lib\ant-launcher.jar;D:\eclipse-jee-mars\plugins\org.apache.ant_1.9.4.v201504302020\lib\ant.jar;D:\eclipse-jee-mars\plugins\org.apache.ant_1.9.4.v201504302020\lib\ant-junit.jar;D:\eclipse-jee-mars\plugins\org.apache.ant_1.9.4.v201504302020\lib\ant-junit4.jar" />
    <property name="ant.version" value="Apache Ant(TM) version 1.9.4 compiled on April 29 2014" />
    <property name="java.vm.specification.name" value="Java Virtual Machine Specification" />
    <property name="java.vm.specification.version" value="1.8" />
    <property name="sun.cpu.endian" value="little" />
    <property name="sun.os.patch.level" value="Service Pack 1" />
    <property name="eclipse.pdebuild.home" value="/D:/eclipse-jee-mars/plugins/org.eclipse.pde.build_3.9.100.v20150521-1524/./" />
    <property name="java.io.tmpdir" value="C:\Users\Prakash\AppData\Local\Temp\" />
    <property name="java.vendor.url.bug" value="http://bugreport.sun.com/bugreport/" />
    <property name="ant.file.type.cobertura.usage" value="file" />
    <property name="os.arch" value="amd64" />
    <property name="java.awt.graphicsenv" value="sun.awt.Win32GraphicsEnvironment" />
    <property name="instrumented.dir" value="instrumented" />
    <property name="java.ext.dirs" value="C:\Program Files\Java\jdk1.8.0_25\jre\lib\ext;C:\Windows\Sun\Java\lib\ext" />
    <property name="user.dir" value="D:\Java-Projects\Cobertura-Test" />
    <property name="line.separator" value="&#xd;&#xa;" />
    <property name="java.vm.name" value="Java HotSpot(TM) 64-Bit Server VM" />
    <property name="basedir" value="D:\Java-Projects\Cobertura-Test" />
    <property name="ant.java.version" value="1.8" />
    <property name="ant.core.lib" value="D:\eclipse-jee-mars\plugins\org.apache.ant_1.9.4.v201504302020\lib\ant.jar" />
    <property name="file.encoding" value="Cp1252" />
    <property name="java.specification.version" value="1.8" />
    <property name="src.dir" value="src" />
    <property name="ant.project.invoked-targets" value="coverage" />
  </properties>
  <testcase classname="com.example.simple.SimpleTest" name="testSum" time="0.01" />
  <testcase classname="com.example.simple.SimpleTest" name="testF" time="0.005" />
  <testcase classname="com.example.simple.SimpleTest" name="testSquare" time="0.001" />
  <testcase classname="com.example.simple.SimpleTest" name="testUpdate" time="0.001" />
  <system-out><![CDATA[22:57:23,695 |-INFO in ch.qos.logback.classic.LoggerContext[default] - Could NOT find resource [logback.groovy]
22:57:23,696 |-INFO in ch.qos.logback.classic.LoggerContext[default] - Could NOT find resource [logback-test.xml]
22:57:23,696 |-INFO in ch.qos.logback.classic.LoggerContext[default] - Found resource [logback.xml] at [jar:file:/D:/cobertura-2.1.1/cobertura-2.1.1-sources.jar!/logback.xml]
22:57:23,698 |-WARN in ch.qos.logback.classic.LoggerContext[default] - Resource [logback.xml] occurs multiple times on the classpath.
22:57:23,699 |-WARN in ch.qos.logback.classic.LoggerContext[default] - Resource [logback.xml] occurs at [jar:file:/D:/cobertura-2.1.1/cobertura-2.1.1.jar!/logback.xml]
22:57:23,699 |-WARN in ch.qos.logback.classic.LoggerContext[default] - Resource [logback.xml] occurs at [jar:file:/D:/cobertura-2.1.1/cobertura-2.1.1-sources.jar!/logback.xml]
22:57:23,734 |-INFO in ch.qos.logback.core.joran.spi.ConfigurationWatchList@3f0ee7cb - URL [jar:file:/D:/cobertura-2.1.1/cobertura-2.1.1-sources.jar!/logback.xml] is not of type file
22:57:23,834 |-INFO in ch.qos.logback.classic.joran.action.ConfigurationAction - debug attribute not set
22:57:23,861 |-INFO in ch.qos.logback.core.joran.action.AppenderAction - About to instantiate appender of type [ch.qos.logback.core.ConsoleAppender]
22:57:23,879 |-INFO in ch.qos.logback.core.joran.action.AppenderAction - Naming appender as [STDOUT]
22:57:23,923 |-INFO in ch.qos.logback.core.joran.action.NestedComplexPropertyIA - Assuming default type [ch.qos.logback.classic.encoder.PatternLayoutEncoder] for [encoder] property
22:57:24,010 |-INFO in ch.qos.logback.classic.joran.action.LoggerAction - Setting level of logger [net.sourceforge.cobertura] to INFO
22:57:24,010 |-INFO in ch.qos.logback.classic.joran.action.RootLoggerAction - Setting level of ROOT logger to DEBUG
22:57:24,010 |-INFO in ch.qos.logback.core.joran.action.AppenderRefAction - Attaching appender named [STDOUT] to Logger[ROOT]
22:57:24,011 |-INFO in ch.qos.logback.classic.joran.action.ConfigurationAction - End of configuration.
22:57:24,014 |-INFO in ch.qos.logback.classic.joran.JoranConfigurator@75bd9247 - Registering current configuration as safe fallback point

[DEBUG] value: 3
[DEBUG] value: 5
[DEBUG] value: 8
[DEBUG] result: 16
[DEBUG] x: -1
[DEBUG] negative x
[DEBUG] x: -1


Simple class square falg
[DEBUG] result: 1
[DEBUG] x: 6
[DEBUG] x: 1


Simple class square falg
[DEBUG] result: 1
[DEBUG] x: -1


Simple class square falg
[DEBUG] result: 1
]]></system-out>
  <system-err><![CDATA[]]></system-err>
</testsuite>
